2024-07-06 10:56:42,163 [Worker-8: Loading available Gradle versions] INFO  o.e.b.c.i.u.g.PublishedGradleVersions - Gradle version information cache is up-to-date. Trying to read.
2024-07-06 10:57:58,945 [Worker-0: Building] INFO  o.e.m.c.i.l.LifecycleMappingFactory - Using org.eclipse.m2e.jdt.JarLifecycleMapping lifecycle mapping for MavenProject: edu.utvt:Exa:0.0.1-SNAPSHOT @ C:\Users\Hugo\Documents\NovenoCuatrimestre\DWI\Examen\Exa\pom.xml.
2024-07-06 10:58:00,853 [Worker-0: Building] INFO  o.a.m.s.f.DefaultMavenResourcesFiltering - Copying 1 resource from src\main\resources to target\classes
2024-07-06 10:58:00,895 [Worker-0: Building] INFO  o.a.m.s.f.DefaultMavenResourcesFiltering - Copying 0 resource from src\main\resources to target\classes
2024-07-06 10:58:00,904 [Worker-0: Building] INFO  o.a.m.s.f.DefaultMavenResourcesFiltering - skip non existing resourceDirectory C:\Users\Hugo\Documents\NovenoCuatrimestre\DWI\Examen\Exa\src\test\resources
2024-07-06 10:58:03,014 [Worker-3: Updating Maven Dependencies] INFO  o.e.m.c.i.l.LifecycleMappingFactory - Using org.eclipse.m2e.jdt.JarLifecycleMapping lifecycle mapping for MavenProject: edu.utvt:Exa:0.0.1-SNAPSHOT @ C:\Users\Hugo\Documents\NovenoCuatrimestre\DWI\Examen\Exa\pom.xml.
2024-07-06 10:58:03,097 [Worker-0: Building] INFO  o.a.m.s.f.DefaultMavenResourcesFiltering - Copying 1 resource from src\main\resources to target\classes
2024-07-06 10:58:03,124 [Worker-0: Building] INFO  o.a.m.s.f.DefaultMavenResourcesFiltering - Copying 0 resource from src\main\resources to target\classes
2024-07-06 10:58:03,129 [Worker-0: Building] INFO  o.a.m.s.f.DefaultMavenResourcesFiltering - skip non existing resourceDirectory C:\Users\Hugo\Documents\NovenoCuatrimestre\DWI\Examen\Exa\src\test\resources
2024-07-06 11:03:54,981 [Worker-17: Building] INFO  o.a.m.s.f.DefaultMavenResourcesFiltering - Copying 1 resource from src\main\resources to target\classes
2024-07-06 11:03:54,988 [Worker-17: Building] INFO  o.a.m.s.f.DefaultMavenResourcesFiltering - Copying 0 resource from src\main\resources to target\classes
2024-07-06 11:03:54,993 [Worker-17: Building] INFO  o.a.m.s.f.DefaultMavenResourcesFiltering - skip non existing resourceDirectory C:\Users\Hugo\Documents\NovenoCuatrimestre\DWI\Examen\Exa\src\test\resources
2024-07-06 11:05:44,641 [Worker-19: Building] INFO  o.a.m.s.f.DefaultMavenResourcesFiltering - Copying 1 resource from src\main\resources to target\classes
2024-07-06 11:05:44,646 [Worker-19: Building] INFO  o.a.m.s.f.DefaultMavenResourcesFiltering - Copying 0 resource from src\main\resources to target\classes
2024-07-06 11:05:44,649 [Worker-19: Building] INFO  o.a.m.s.f.DefaultMavenResourcesFiltering - skip non existing resourceDirectory C:\Users\Hugo\Documents\NovenoCuatrimestre\DWI\Examen\Exa\src\test\resources
2024-07-06 11:10:40,314 [Worker-24: Building] INFO  o.a.m.s.f.DefaultMavenResourcesFiltering - Copying 1 resource from src\main\resources to target\classes
2024-07-06 11:10:40,331 [Worker-24: Building] INFO  o.a.m.s.f.DefaultMavenResourcesFiltering - Copying 0 resource from src\main\resources to target\classes
2024-07-06 11:10:40,334 [Worker-24: Building] INFO  o.a.m.s.f.DefaultMavenResourcesFiltering - skip non existing resourceDirectory C:\Users\Hugo\Documents\NovenoCuatrimestre\DWI\Examen\Exa\src\test\resources
2024-07-06 11:10:41,476 [Worker-23: Building] INFO  o.a.m.s.f.DefaultMavenResourcesFiltering - Copying 1 resource from src\main\resources to target\classes
2024-07-06 11:10:41,478 [Worker-23: Building] INFO  o.a.m.s.f.DefaultMavenResourcesFiltering - Copying 0 resource from src\main\resources to target\classes
2024-07-06 11:10:41,481 [Worker-23: Building] INFO  o.a.m.s.f.DefaultMavenResourcesFiltering - skip non existing resourceDirectory C:\Users\Hugo\Documents\NovenoCuatrimestre\DWI\Examen\Exa\src\test\resources
2024-07-06 11:22:04,997 [Worker-28: Building] INFO  o.a.m.s.f.DefaultMavenResourcesFiltering - Copying 1 resource from src\main\resources to target\classes
2024-07-06 11:22:05,017 [Worker-28: Building] INFO  o.a.m.s.f.DefaultMavenResourcesFiltering - Copying 0 resource from src\main\resources to target\classes
2024-07-06 11:22:05,020 [Worker-28: Building] INFO  o.a.m.s.f.DefaultMavenResourcesFiltering - skip non existing resourceDirectory C:\Users\Hugo\Documents\NovenoCuatrimestre\DWI\Examen\Exa\src\test\resources
2024-07-06 11:22:13,318 [Worker-28: Building] INFO  o.a.m.s.f.DefaultMavenResourcesFiltering - Copying 1 resource from src\main\resources to target\classes
2024-07-06 11:22:13,333 [Worker-28: Building] INFO  o.a.m.s.f.DefaultMavenResourcesFiltering - Copying 0 resource from src\main\resources to target\classes
2024-07-06 11:22:13,336 [Worker-28: Building] INFO  o.a.m.s.f.DefaultMavenResourcesFiltering - skip non existing resourceDirectory C:\Users\Hugo\Documents\NovenoCuatrimestre\DWI\Examen\Exa\src\test\resources
2024-07-06 11:22:31,595 [Worker-29: Building] INFO  o.a.m.s.f.DefaultMavenResourcesFiltering - Copying 1 resource from src\main\resources to target\classes
2024-07-06 11:22:31,611 [Worker-29: Building] INFO  o.a.m.s.f.DefaultMavenResourcesFiltering - Copying 0 resource from src\main\resources to target\classes
2024-07-06 11:22:31,613 [Worker-29: Building] INFO  o.a.m.s.f.DefaultMavenResourcesFiltering - skip non existing resourceDirectory C:\Users\Hugo\Documents\NovenoCuatrimestre\DWI\Examen\Exa\src\test\resources
2024-07-06 11:23:34,595 [Worker-30: Building] INFO  o.a.m.s.f.DefaultMavenResourcesFiltering - Copying 1 resource from src\main\resources to target\classes
2024-07-06 11:23:34,603 [Worker-30: Building] INFO  o.a.m.s.f.DefaultMavenResourcesFiltering - Copying 0 resource from src\main\resources to target\classes
2024-07-06 11:23:34,609 [Worker-30: Building] INFO  o.a.m.s.f.DefaultMavenResourcesFiltering - skip non existing resourceDirectory C:\Users\Hugo\Documents\NovenoCuatrimestre\DWI\Examen\Exa\src\test\resources
2024-07-06 11:23:54,588 [Worker-28: Building] INFO  o.a.m.s.f.DefaultMavenResourcesFiltering - Copying 1 resource from src\main\resources to target\classes
2024-07-06 11:23:54,593 [Worker-28: Building] INFO  o.a.m.s.f.DefaultMavenResourcesFiltering - Copying 0 resource from src\main\resources to target\classes
2024-07-06 11:23:54,595 [Worker-28: Building] INFO  o.a.m.s.f.DefaultMavenResourcesFiltering - skip non existing resourceDirectory C:\Users\Hugo\Documents\NovenoCuatrimestre\DWI\Examen\Exa\src\test\resources
2024-07-06 11:25:17,497 [Worker-33: Building] INFO  o.a.m.s.f.DefaultMavenResourcesFiltering - Copying 1 resource from src\main\resources to target\classes
2024-07-06 11:25:17,504 [Worker-33: Building] INFO  o.a.m.s.f.DefaultMavenResourcesFiltering - Copying 0 resource from src\main\resources to target\classes
2024-07-06 11:25:17,507 [Worker-33: Building] INFO  o.a.m.s.f.DefaultMavenResourcesFiltering - skip non existing resourceDirectory C:\Users\Hugo\Documents\NovenoCuatrimestre\DWI\Examen\Exa\src\test\resources
2024-07-06 11:25:24,606 [Worker-34: Building] INFO  o.a.m.s.f.DefaultMavenResourcesFiltering - Copying 1 resource from src\main\resources to target\classes
2024-07-06 11:25:24,611 [Worker-34: Building] INFO  o.a.m.s.f.DefaultMavenResourcesFiltering - Copying 0 resource from src\main\resources to target\classes
2024-07-06 11:25:24,616 [Worker-34: Building] INFO  o.a.m.s.f.DefaultMavenResourcesFiltering - skip non existing resourceDirectory C:\Users\Hugo\Documents\NovenoCuatrimestre\DWI\Examen\Exa\src\test\resources
2024-07-06 11:27:12,789 [Worker-30: Building] INFO  o.a.m.s.f.DefaultMavenResourcesFiltering - Copying 1 resource from src\main\resources to target\classes
2024-07-06 11:27:12,796 [Worker-30: Building] INFO  o.a.m.s.f.DefaultMavenResourcesFiltering - Copying 0 resource from src\main\resources to target\classes
2024-07-06 11:27:12,802 [Worker-30: Building] INFO  o.a.m.s.f.DefaultMavenResourcesFiltering - skip non existing resourceDirectory C:\Users\Hugo\Documents\NovenoCuatrimestre\DWI\Examen\Exa\src\test\resources
2024-07-06 11:28:44,139 [Worker-28: Building] INFO  o.a.m.s.f.DefaultMavenResourcesFiltering - Copying 1 resource from src\main\resources to target\classes
2024-07-06 11:28:44,144 [Worker-28: Building] INFO  o.a.m.s.f.DefaultMavenResourcesFiltering - Copying 0 resource from src\main\resources to target\classes
2024-07-06 11:28:44,146 [Worker-28: Building] INFO  o.a.m.s.f.DefaultMavenResourcesFiltering - skip non existing resourceDirectory C:\Users\Hugo\Documents\NovenoCuatrimestre\DWI\Examen\Exa\src\test\resources
2024-07-06 11:28:48,761 [Worker-30: Building] INFO  o.a.m.s.f.DefaultMavenResourcesFiltering - Copying 1 resource from src\main\resources to target\classes
2024-07-06 11:28:48,767 [Worker-30: Building] INFO  o.a.m.s.f.DefaultMavenResourcesFiltering - Copying 0 resource from src\main\resources to target\classes
2024-07-06 11:28:48,771 [Worker-30: Building] INFO  o.a.m.s.f.DefaultMavenResourcesFiltering - skip non existing resourceDirectory C:\Users\Hugo\Documents\NovenoCuatrimestre\DWI\Examen\Exa\src\test\resources
2024-07-06 11:29:50,287 [Worker-38: Building] INFO  o.e.m.c.i.l.LifecycleMappingFactory - Using org.eclipse.m2e.jdt.JarLifecycleMapping lifecycle mapping for MavenProject: edu.utvt:Exa:0.0.1-SNAPSHOT @ C:\Users\Hugo\Documents\NovenoCuatrimestre\DWI\Examen\Exa\pom.xml.
2024-07-06 11:29:51,242 [Worker-38: Building] INFO  o.a.m.s.f.DefaultMavenResourcesFiltering - Copying 0 resource from src\main\resources to target\classes
2024-07-06 11:29:51,243 [Worker-38: Building] INFO  o.a.m.s.f.DefaultMavenResourcesFiltering - Copying 0 resource from src\main\resources to target\classes
2024-07-06 11:29:51,246 [Worker-38: Building] INFO  o.a.m.s.f.DefaultMavenResourcesFiltering - skip non existing resourceDirectory C:\Users\Hugo\Documents\NovenoCuatrimestre\DWI\Examen\Exa\src\test\resources
2024-07-06 11:29:51,692 [Worker-35: Building] INFO  o.a.m.s.f.DefaultMavenResourcesFiltering - Copying 1 resource from src\main\resources to target\classes
2024-07-06 11:29:51,718 [Worker-35: Building] INFO  o.a.m.s.f.DefaultMavenResourcesFiltering - Copying 0 resource from src\main\resources to target\classes
2024-07-06 11:29:51,722 [Worker-35: Building] INFO  o.a.m.s.f.DefaultMavenResourcesFiltering - skip non existing resourceDirectory C:\Users\Hugo\Documents\NovenoCuatrimestre\DWI\Examen\Exa\src\test\resources
2024-07-06 11:30:37,073 [Worker-37: Building] INFO  o.a.m.s.f.DefaultMavenResourcesFiltering - Copying 1 resource from src\main\resources to target\classes
2024-07-06 11:30:37,077 [Worker-37: Building] INFO  o.a.m.s.f.DefaultMavenResourcesFiltering - Copying 0 resource from src\main\resources to target\classes
2024-07-06 11:30:37,079 [Worker-37: Building] INFO  o.a.m.s.f.DefaultMavenResourcesFiltering - skip non existing resourceDirectory C:\Users\Hugo\Documents\NovenoCuatrimestre\DWI\Examen\Exa\src\test\resources
2024-07-06 11:32:07,150 [Worker-39: Updating Maven Project] INFO  o.e.m.c.i.p.ProjectConfigurationManager - Update started
2024-07-06 11:32:07,471 [Worker-39: Updating Maven Project] INFO  o.e.m.c.i.l.LifecycleMappingFactory - Using org.eclipse.m2e.jdt.JarLifecycleMapping lifecycle mapping for MavenProject: edu.utvt:Exa:0.0.1-SNAPSHOT @ C:\Users\Hugo\Documents\NovenoCuatrimestre\DWI\Examen\Exa\pom.xml.
2024-07-06 11:32:08,357 [Worker-39: Updating Maven Project] INFO  o.e.m.j.i.AbstractJavaProjectConfigurator - Adding source folder /Exa/src/main/java
2024-07-06 11:32:08,361 [Worker-39: Updating Maven Project] INFO  o.e.m.j.i.AbstractJavaProjectConfigurator - Adding resource folder /Exa/src/main/resources
2024-07-06 11:32:08,362 [Worker-39: Updating Maven Project] INFO  o.e.m.j.i.AbstractJavaProjectConfigurator - Adding resource folder /Exa/src/main/resources
2024-07-06 11:32:08,363 [Worker-39: Updating Maven Project] INFO  o.e.m.j.i.AbstractJavaProjectConfigurator - Adding source folder /Exa/src/test/java
2024-07-06 11:32:08,364 [Worker-39: Updating Maven Project] INFO  o.e.m.j.i.AbstractJavaProjectConfigurator - Adding resource folder /Exa/src/test/resources
2024-07-06 11:32:08,776 [Worker-39: Updating Maven Project] INFO  o.e.m.c.i.p.ProjectConfigurationManager - Update completed for 1 poms: local refresh takes 0.00 sec, refresh facades takes 1.00 sec, update config takes 0.00 sec 
2024-07-06 11:32:09,253 [Worker-41: Building] INFO  o.a.m.s.f.DefaultMavenResourcesFiltering - Copying 1 resource from src\main\resources to target\classes
2024-07-06 11:32:09,279 [Worker-41: Building] INFO  o.a.m.s.f.DefaultMavenResourcesFiltering - Copying 0 resource from src\main\resources to target\classes
2024-07-06 11:32:09,285 [Worker-41: Building] INFO  o.a.m.s.f.DefaultMavenResourcesFiltering - skip non existing resourceDirectory C:\Users\Hugo\Documents\NovenoCuatrimestre\DWI\Examen\Exa\src\test\resources
2024-07-06 11:32:25,899 [Worker-35: Launching Executing clean in C__Users_Hugo_Documents_NovenoCuatrimestre_DWI_Examen_Exa] INFO  o.eclipse.m2e.core.internal.Bundles - getClasspathEntries(Bundle=org.eclipse.m2e.maven.runtime_3.9.700.20240602-2313 [359])
2024-07-06 11:32:25,901 [Worker-35: Launching Executing clean in C__Users_Hugo_Documents_NovenoCuatrimestre_DWI_Examen_Exa] INFO  o.eclipse.m2e.core.internal.Bundles - 	Entry: C:\sts-4.23.1.RELEASE\plugins\org.eclipse.m2e.maven.runtime_3.9.700.20240602-2313
2024-07-06 11:32:25,901 [Worker-35: Launching Executing clean in C__Users_Hugo_Documents_NovenoCuatrimestre_DWI_Examen_Exa] INFO  o.eclipse.m2e.core.internal.Bundles - 	Entry: C:\sts-4.23.1.RELEASE\plugins\org.eclipse.m2e.maven.runtime_3.9.700.20240602-2313\jars\aopalliance-1.0.jar
2024-07-06 11:32:25,901 [Worker-35: Launching Executing clean in C__Users_Hugo_Documents_NovenoCuatrimestre_DWI_Examen_Exa] INFO  o.eclipse.m2e.core.internal.Bundles - 	Entry: C:\sts-4.23.1.RELEASE\plugins\org.eclipse.m2e.maven.runtime_3.9.700.20240602-2313\jars\guice-5.1.0.jar
2024-07-06 11:32:25,901 [Worker-35: Launching Executing clean in C__Users_Hugo_Documents_NovenoCuatrimestre_DWI_Examen_Exa] INFO  o.eclipse.m2e.core.internal.Bundles - 	Entry: C:\sts-4.23.1.RELEASE\plugins\org.eclipse.m2e.maven.runtime_3.9.700.20240602-2313\jars\httpclient-4.5.14.jar
2024-07-06 11:32:25,901 [Worker-35: Launching Executing clean in C__Users_Hugo_Documents_NovenoCuatrimestre_DWI_Examen_Exa] INFO  o.eclipse.m2e.core.internal.Bundles - 	Entry: C:\sts-4.23.1.RELEASE\plugins\org.eclipse.m2e.maven.runtime_3.9.700.20240602-2313\jars\httpcore-4.4.16.jar
2024-07-06 11:32:25,902 [Worker-35: Launching Executing clean in C__Users_Hugo_Documents_NovenoCuatrimestre_DWI_Examen_Exa] INFO  o.eclipse.m2e.core.internal.Bundles - 	Entry: C:\sts-4.23.1.RELEASE\plugins\org.eclipse.m2e.maven.runtime_3.9.700.20240602-2313\jars\jansi-2.4.1.jar
2024-07-06 11:32:25,902 [Worker-35: Launching Executing clean in C__Users_Hugo_Documents_NovenoCuatrimestre_DWI_Examen_Exa] INFO  o.eclipse.m2e.core.internal.Bundles - 	Entry: C:\sts-4.23.1.RELEASE\plugins\org.eclipse.m2e.maven.runtime_3.9.700.20240602-2313\jars\jcl-over-slf4j-1.7.36.jar
2024-07-06 11:32:25,902 [Worker-35: Launching Executing clean in C__Users_Hugo_Documents_NovenoCuatrimestre_DWI_Examen_Exa] INFO  o.eclipse.m2e.core.internal.Bundles - 	Entry: C:\sts-4.23.1.RELEASE\plugins\org.eclipse.m2e.maven.runtime_3.9.700.20240602-2313\jars\maven-artifact-3.9.7.jar
2024-07-06 11:32:25,902 [Worker-35: Launching Executing clean in C__Users_Hugo_Documents_NovenoCuatrimestre_DWI_Examen_Exa] INFO  o.eclipse.m2e.core.internal.Bundles - 	Entry: C:\sts-4.23.1.RELEASE\plugins\org.eclipse.m2e.maven.runtime_3.9.700.20240602-2313\jars\maven-builder-support-3.9.7.jar
2024-07-06 11:32:25,902 [Worker-35: Launching Executing clean in C__Users_Hugo_Documents_NovenoCuatrimestre_DWI_Examen_Exa] INFO  o.eclipse.m2e.core.internal.Bundles - 	Entry: C:\sts-4.23.1.RELEASE\plugins\org.eclipse.m2e.maven.runtime_3.9.700.20240602-2313\jars\maven-compat-3.9.7.jar
2024-07-06 11:32:25,902 [Worker-35: Launching Executing clean in C__Users_Hugo_Documents_NovenoCuatrimestre_DWI_Examen_Exa] INFO  o.eclipse.m2e.core.internal.Bundles - 	Entry: C:\sts-4.23.1.RELEASE\plugins\org.eclipse.m2e.maven.runtime_3.9.700.20240602-2313\jars\maven-core-3.9.7.jar
2024-07-06 11:32:25,902 [Worker-35: Launching Executing clean in C__Users_Hugo_Documents_NovenoCuatrimestre_DWI_Examen_Exa] INFO  o.eclipse.m2e.core.internal.Bundles - 	Entry: C:\sts-4.23.1.RELEASE\plugins\org.eclipse.m2e.maven.runtime_3.9.700.20240602-2313\jars\maven-embedder-3.9.7.jar
2024-07-06 11:32:25,902 [Worker-35: Launching Executing clean in C__Users_Hugo_Documents_NovenoCuatrimestre_DWI_Examen_Exa] INFO  o.eclipse.m2e.core.internal.Bundles - 	Entry: C:\sts-4.23.1.RELEASE\plugins\org.eclipse.m2e.maven.runtime_3.9.700.20240602-2313\jars\maven-model-3.9.7.jar
2024-07-06 11:32:25,902 [Worker-35: Launching Executing clean in C__Users_Hugo_Documents_NovenoCuatrimestre_DWI_Examen_Exa] INFO  o.eclipse.m2e.core.internal.Bundles - 	Entry: C:\sts-4.23.1.RELEASE\plugins\org.eclipse.m2e.maven.runtime_3.9.700.20240602-2313\jars\maven-model-builder-3.9.7.jar
2024-07-06 11:32:25,902 [Worker-35: Launching Executing clean in C__Users_Hugo_Documents_NovenoCuatrimestre_DWI_Examen_Exa] INFO  o.eclipse.m2e.core.internal.Bundles - 	Entry: C:\sts-4.23.1.RELEASE\plugins\org.eclipse.m2e.maven.runtime_3.9.700.20240602-2313\jars\maven-plugin-api-3.9.7.jar
2024-07-06 11:32:25,903 [Worker-35: Launching Executing clean in C__Users_Hugo_Documents_NovenoCuatrimestre_DWI_Examen_Exa] INFO  o.eclipse.m2e.core.internal.Bundles - 	Entry: C:\sts-4.23.1.RELEASE\plugins\org.eclipse.m2e.maven.runtime_3.9.700.20240602-2313\jars\maven-repository-metadata-3.9.7.jar
2024-07-06 11:32:25,903 [Worker-35: Launching Executing clean in C__Users_Hugo_Documents_NovenoCuatrimestre_DWI_Examen_Exa] INFO  o.eclipse.m2e.core.internal.Bundles - 	Entry: C:\sts-4.23.1.RELEASE\plugins\org.eclipse.m2e.maven.runtime_3.9.700.20240602-2313\jars\maven-resolver-api-1.9.20.jar
2024-07-06 11:32:25,903 [Worker-35: Launching Executing clean in C__Users_Hugo_Documents_NovenoCuatrimestre_DWI_Examen_Exa] INFO  o.eclipse.m2e.core.internal.Bundles - 	Entry: C:\sts-4.23.1.RELEASE\plugins\org.eclipse.m2e.maven.runtime_3.9.700.20240602-2313\jars\maven-resolver-connector-basic-1.9.20.jar
2024-07-06 11:32:25,903 [Worker-35: Launching Executing clean in C__Users_Hugo_Documents_NovenoCuatrimestre_DWI_Examen_Exa] INFO  o.eclipse.m2e.core.internal.Bundles - 	Entry: C:\sts-4.23.1.RELEASE\plugins\org.eclipse.m2e.maven.runtime_3.9.700.20240602-2313\jars\maven-resolver-impl-1.9.20.jar
2024-07-06 11:32:25,903 [Worker-35: Launching Executing clean in C__Users_Hugo_Documents_NovenoCuatrimestre_DWI_Examen_Exa] INFO  o.eclipse.m2e.core.internal.Bundles - 	Entry: C:\sts-4.23.1.RELEASE\plugins\org.eclipse.m2e.maven.runtime_3.9.700.20240602-2313\jars\maven-resolver-named-locks-1.9.20.jar
2024-07-06 11:32:25,903 [Worker-35: Launching Executing clean in C__Users_Hugo_Documents_NovenoCuatrimestre_DWI_Examen_Exa] INFO  o.eclipse.m2e.core.internal.Bundles - 	Entry: C:\sts-4.23.1.RELEASE\plugins\org.eclipse.m2e.maven.runtime_3.9.700.20240602-2313\jars\maven-resolver-provider-3.9.7.jar
2024-07-06 11:32:25,903 [Worker-35: Launching Executing clean in C__Users_Hugo_Documents_NovenoCuatrimestre_DWI_Examen_Exa] INFO  o.eclipse.m2e.core.internal.Bundles - 	Entry: C:\sts-4.23.1.RELEASE\plugins\org.eclipse.m2e.maven.runtime_3.9.700.20240602-2313\jars\maven-resolver-spi-1.9.20.jar
2024-07-06 11:32:25,903 [Worker-35: Launching Executing clean in C__Users_Hugo_Documents_NovenoCuatrimestre_DWI_Examen_Exa] INFO  o.eclipse.m2e.core.internal.Bundles - 	Entry: C:\sts-4.23.1.RELEASE\plugins\org.eclipse.m2e.maven.runtime_3.9.700.20240602-2313\jars\maven-resolver-transport-file-1.9.20.jar
2024-07-06 11:32:25,903 [Worker-35: Launching Executing clean in C__Users_Hugo_Documents_NovenoCuatrimestre_DWI_Examen_Exa] INFO  o.eclipse.m2e.core.internal.Bundles - 	Entry: C:\sts-4.23.1.RELEASE\plugins\org.eclipse.m2e.maven.runtime_3.9.700.20240602-2313\jars\maven-resolver-transport-http-1.9.20.jar
2024-07-06 11:32:25,903 [Worker-35: Launching Executing clean in C__Users_Hugo_Documents_NovenoCuatrimestre_DWI_Examen_Exa] INFO  o.eclipse.m2e.core.internal.Bundles - 	Entry: C:\sts-4.23.1.RELEASE\plugins\org.eclipse.m2e.maven.runtime_3.9.700.20240602-2313\jars\maven-resolver-transport-wagon-1.9.20.jar
2024-07-06 11:32:25,904 [Worker-35: Launching Executing clean in C__Users_Hugo_Documents_NovenoCuatrimestre_DWI_Examen_Exa] INFO  o.eclipse.m2e.core.internal.Bundles - 	Entry: C:\sts-4.23.1.RELEASE\plugins\org.eclipse.m2e.maven.runtime_3.9.700.20240602-2313\jars\maven-resolver-util-1.9.20.jar
2024-07-06 11:32:25,904 [Worker-35: Launching Executing clean in C__Users_Hugo_Documents_NovenoCuatrimestre_DWI_Examen_Exa] INFO  o.eclipse.m2e.core.internal.Bundles - 	Entry: C:\sts-4.23.1.RELEASE\plugins\org.eclipse.m2e.maven.runtime_3.9.700.20240602-2313\jars\maven-settings-3.9.7.jar
2024-07-06 11:32:25,904 [Worker-35: Launching Executing clean in C__Users_Hugo_Documents_NovenoCuatrimestre_DWI_Examen_Exa] INFO  o.eclipse.m2e.core.internal.Bundles - 	Entry: C:\sts-4.23.1.RELEASE\plugins\org.eclipse.m2e.maven.runtime_3.9.700.20240602-2313\jars\maven-settings-builder-3.9.7.jar
2024-07-06 11:32:25,904 [Worker-35: Launching Executing clean in C__Users_Hugo_Documents_NovenoCuatrimestre_DWI_Examen_Exa] INFO  o.eclipse.m2e.core.internal.Bundles - 	Entry: C:\sts-4.23.1.RELEASE\plugins\org.eclipse.m2e.maven.runtime_3.9.700.20240602-2313\jars\maven-shared-utils-3.4.2.jar
2024-07-06 11:32:25,904 [Worker-35: Launching Executing clean in C__Users_Hugo_Documents_NovenoCuatrimestre_DWI_Examen_Exa] INFO  o.eclipse.m2e.core.internal.Bundles - 	Entry: C:\sts-4.23.1.RELEASE\plugins\org.eclipse.m2e.maven.runtime_3.9.700.20240602-2313\jars\org.eclipse.sisu.inject-0.9.0.M2.jar
2024-07-06 11:32:25,904 [Worker-35: Launching Executing clean in C__Users_Hugo_Documents_NovenoCuatrimestre_DWI_Examen_Exa] INFO  o.eclipse.m2e.core.internal.Bundles - 	Entry: C:\sts-4.23.1.RELEASE\plugins\org.eclipse.m2e.maven.runtime_3.9.700.20240602-2313\jars\org.eclipse.sisu.plexus-0.9.0.M2.jar
2024-07-06 11:32:25,904 [Worker-35: Launching Executing clean in C__Users_Hugo_Documents_NovenoCuatrimestre_DWI_Examen_Exa] INFO  o.eclipse.m2e.core.internal.Bundles - 	Entry: C:\sts-4.23.1.RELEASE\plugins\org.eclipse.m2e.maven.runtime_3.9.700.20240602-2313\jars\plexus-build-api-0.0.7.jar
2024-07-06 11:32:25,904 [Worker-35: Launching Executing clean in C__Users_Hugo_Documents_NovenoCuatrimestre_DWI_Examen_Exa] INFO  o.eclipse.m2e.core.internal.Bundles - 	Entry: C:\sts-4.23.1.RELEASE\plugins\org.eclipse.m2e.maven.runtime_3.9.700.20240602-2313\jars\plexus-build-api-1.2.0.jar
2024-07-06 11:32:25,904 [Worker-35: Launching Executing clean in C__Users_Hugo_Documents_NovenoCuatrimestre_DWI_Examen_Exa] INFO  o.eclipse.m2e.core.internal.Bundles - 	Entry: C:\sts-4.23.1.RELEASE\plugins\org.eclipse.m2e.maven.runtime_3.9.700.20240602-2313\jars\plexus-cipher-2.0.jar
2024-07-06 11:32:25,904 [Worker-35: Launching Executing clean in C__Users_Hugo_Documents_NovenoCuatrimestre_DWI_Examen_Exa] INFO  o.eclipse.m2e.core.internal.Bundles - 	Entry: C:\sts-4.23.1.RELEASE\plugins\org.eclipse.m2e.maven.runtime_3.9.700.20240602-2313\jars\plexus-classworlds-2.8.0.jar
2024-07-06 11:32:25,905 [Worker-35: Launching Executing clean in C__Users_Hugo_Documents_NovenoCuatrimestre_DWI_Examen_Exa] INFO  o.eclipse.m2e.core.internal.Bundles - 	Entry: C:\sts-4.23.1.RELEASE\plugins\org.eclipse.m2e.maven.runtime_3.9.700.20240602-2313\jars\plexus-component-annotations-2.1.0.jar
2024-07-06 11:32:25,905 [Worker-35: Launching Executing clean in C__Users_Hugo_Documents_NovenoCuatrimestre_DWI_Examen_Exa] INFO  o.eclipse.m2e.core.internal.Bundles - 	Entry: C:\sts-4.23.1.RELEASE\plugins\org.eclipse.m2e.maven.runtime_3.9.700.20240602-2313\jars\plexus-interpolation-1.27.jar
2024-07-06 11:32:25,905 [Worker-35: Launching Executing clean in C__Users_Hugo_Documents_NovenoCuatrimestre_DWI_Examen_Exa] INFO  o.eclipse.m2e.core.internal.Bundles - 	Entry: C:\sts-4.23.1.RELEASE\plugins\org.eclipse.m2e.maven.runtime_3.9.700.20240602-2313\jars\plexus-sec-dispatcher-2.0.jar
2024-07-06 11:32:25,905 [Worker-35: Launching Executing clean in C__Users_Hugo_Documents_NovenoCuatrimestre_DWI_Examen_Exa] INFO  o.eclipse.m2e.core.internal.Bundles - 	Entry: C:\sts-4.23.1.RELEASE\plugins\org.eclipse.m2e.maven.runtime_3.9.700.20240602-2313\jars\plexus-utils-3.5.1.jar
2024-07-06 11:32:25,905 [Worker-35: Launching Executing clean in C__Users_Hugo_Documents_NovenoCuatrimestre_DWI_Examen_Exa] INFO  o.eclipse.m2e.core.internal.Bundles - 	Entry: C:\sts-4.23.1.RELEASE\plugins\org.eclipse.m2e.maven.runtime_3.9.700.20240602-2313\jars\wagon-file-3.5.3.jar
2024-07-06 11:32:25,905 [Worker-35: Launching Executing clean in C__Users_Hugo_Documents_NovenoCuatrimestre_DWI_Examen_Exa] INFO  o.eclipse.m2e.core.internal.Bundles - 	Entry: C:\sts-4.23.1.RELEASE\plugins\org.eclipse.m2e.maven.runtime_3.9.700.20240602-2313\jars\wagon-http-3.5.3.jar
2024-07-06 11:32:25,905 [Worker-35: Launching Executing clean in C__Users_Hugo_Documents_NovenoCuatrimestre_DWI_Examen_Exa] INFO  o.eclipse.m2e.core.internal.Bundles - 	Entry: C:\sts-4.23.1.RELEASE\plugins\org.eclipse.m2e.maven.runtime_3.9.700.20240602-2313\jars\wagon-http-shared-3.5.3.jar
2024-07-06 11:32:25,905 [Worker-35: Launching Executing clean in C__Users_Hugo_Documents_NovenoCuatrimestre_DWI_Examen_Exa] INFO  o.eclipse.m2e.core.internal.Bundles - 	Entry: C:\sts-4.23.1.RELEASE\plugins\org.eclipse.m2e.maven.runtime_3.9.700.20240602-2313\jars\wagon-provider-api-3.5.3.jar
2024-07-06 11:32:25,906 [Worker-35: Launching Executing clean in C__Users_Hugo_Documents_NovenoCuatrimestre_DWI_Examen_Exa] INFO  o.eclipse.m2e.core.internal.Bundles - getClasspathEntries(Bundle=com.google.guava_33.2.0.jre [29])
2024-07-06 11:32:25,906 [Worker-35: Launching Executing clean in C__Users_Hugo_Documents_NovenoCuatrimestre_DWI_Examen_Exa] INFO  o.eclipse.m2e.core.internal.Bundles - 	Entry: C:\sts-4.23.1.RELEASE\plugins\com.google.guava_33.2.0.jre.jar
2024-07-06 11:32:25,906 [Worker-35: Launching Executing clean in C__Users_Hugo_Documents_NovenoCuatrimestre_DWI_Examen_Exa] INFO  o.eclipse.m2e.core.internal.Bundles - getClasspathEntries(Bundle=slf4j.api_2.0.13 [592])
2024-07-06 11:32:25,906 [Worker-35: Launching Executing clean in C__Users_Hugo_Documents_NovenoCuatrimestre_DWI_Examen_Exa] INFO  o.eclipse.m2e.core.internal.Bundles - 	Entry: C:\sts-4.23.1.RELEASE\plugins\slf4j.api_2.0.13.jar
2024-07-06 11:32:25,906 [Worker-35: Launching Executing clean in C__Users_Hugo_Documents_NovenoCuatrimestre_DWI_Examen_Exa] INFO  o.eclipse.m2e.core.internal.Bundles - getClasspathEntries(Bundle=jakarta.inject.jakarta.inject-api_1.0.5 [44])
2024-07-06 11:32:25,907 [Worker-35: Launching Executing clean in C__Users_Hugo_Documents_NovenoCuatrimestre_DWI_Examen_Exa] INFO  o.eclipse.m2e.core.internal.Bundles - 	Entry: C:\sts-4.23.1.RELEASE\plugins\jakarta.inject.jakarta.inject-api_1.0.5.jar
2024-07-06 11:32:25,907 [Worker-35: Launching Executing clean in C__Users_Hugo_Documents_NovenoCuatrimestre_DWI_Examen_Exa] INFO  o.eclipse.m2e.core.internal.Bundles - getClasspathEntries(Bundle=javax.annotation_1.3.5.v20200909-1856 [53])
2024-07-06 11:32:25,907 [Worker-35: Launching Executing clean in C__Users_Hugo_Documents_NovenoCuatrimestre_DWI_Examen_Exa] INFO  o.eclipse.m2e.core.internal.Bundles - 	Entry: C:\sts-4.23.1.RELEASE\plugins\javax.annotation_1.3.5.v20200909-1856.jar
2024-07-06 11:32:25,907 [Worker-35: Launching Executing clean in C__Users_Hugo_Documents_NovenoCuatrimestre_DWI_Examen_Exa] INFO  o.eclipse.m2e.core.internal.Bundles - getClasspathEntries(Bundle=org.apache.commons.cli_1.8.0 [76])
2024-07-06 11:32:25,907 [Worker-35: Launching Executing clean in C__Users_Hugo_Documents_NovenoCuatrimestre_DWI_Examen_Exa] INFO  o.eclipse.m2e.core.internal.Bundles - 	Entry: C:\sts-4.23.1.RELEASE\plugins\org.apache.commons.cli_1.8.0.jar
2024-07-06 11:32:25,907 [Worker-35: Launching Executing clean in C__Users_Hugo_Documents_NovenoCuatrimestre_DWI_Examen_Exa] INFO  o.eclipse.m2e.core.internal.Bundles - getClasspathEntries(Bundle=org.apache.commons.commons-codec_1.16.0 [78])
2024-07-06 11:32:25,907 [Worker-35: Launching Executing clean in C__Users_Hugo_Documents_NovenoCuatrimestre_DWI_Examen_Exa] INFO  o.eclipse.m2e.core.internal.Bundles - 	Entry: C:\sts-4.23.1.RELEASE\plugins\org.apache.commons.commons-codec_1.16.0.jar
2024-07-06 11:32:25,907 [Worker-35: Launching Executing clean in C__Users_Hugo_Documents_NovenoCuatrimestre_DWI_Examen_Exa] INFO  o.eclipse.m2e.core.internal.Bundles - getClasspathEntries(Bundle=org.apache.commons.lang3_3.14.0 [82])
2024-07-06 11:32:25,908 [Worker-35: Launching Executing clean in C__Users_Hugo_Documents_NovenoCuatrimestre_DWI_Examen_Exa] INFO  o.eclipse.m2e.core.internal.Bundles - 	Entry: C:\sts-4.23.1.RELEASE\plugins\org.apache.commons.lang3_3.14.0.jar
2024-07-06 11:32:25,908 [Worker-35: Launching Executing clean in C__Users_Hugo_Documents_NovenoCuatrimestre_DWI_Examen_Exa] INFO  o.eclipse.m2e.core.internal.Bundles - getClasspathEntries(Bundle=com.google.guava.failureaccess_1.0.2 [30])
2024-07-06 11:32:25,908 [Worker-35: Launching Executing clean in C__Users_Hugo_Documents_NovenoCuatrimestre_DWI_Examen_Exa] INFO  o.eclipse.m2e.core.internal.Bundles - 	Entry: C:\sts-4.23.1.RELEASE\plugins\com.google.guava.failureaccess_1.0.2.jar
2024-07-06 11:32:25,911 [Worker-35: Launching Executing clean in C__Users_Hugo_Documents_NovenoCuatrimestre_DWI_Examen_Exa] INFO  o.e.m.i.launch.MavenLaunchDelegate - Run build in "C:\Users\Hugo\Documents\NovenoCuatrimestre\DWI\Examen\Exa":
2024-07-06 11:32:25,913 [Worker-35: Launching Executing clean in C__Users_Hugo_Documents_NovenoCuatrimestre_DWI_Examen_Exa] INFO  o.e.m.i.launch.MavenLaunchDelegate -  mvn  -Ppom.xml -B -Dstyle.color=always clean
2024-07-06 11:32:29,022 [Worker-38: Building] INFO  o.a.m.s.f.DefaultMavenResourcesFiltering - Copying 1 resource from src\main\resources to target\classes
2024-07-06 11:32:29,025 [Worker-38: Building] INFO  o.a.m.s.f.DefaultMavenResourcesFiltering - Copying 0 resource from src\main\resources to target\classes
2024-07-06 11:32:29,033 [Worker-38: Building] INFO  o.a.m.s.f.DefaultMavenResourcesFiltering - skip non existing resourceDirectory C:\Users\Hugo\Documents\NovenoCuatrimestre\DWI\Examen\Exa\src\test\resources
2024-07-06 11:32:38,392 [Worker-38: Launching Executing install in C__Users_Hugo_Documents_NovenoCuatrimestre_DWI_Examen_Exa] INFO  o.eclipse.m2e.core.internal.Bundles - getClasspathEntries(Bundle=org.eclipse.m2e.maven.runtime_3.9.700.20240602-2313 [359])
2024-07-06 11:32:38,392 [Worker-38: Launching Executing install in C__Users_Hugo_Documents_NovenoCuatrimestre_DWI_Examen_Exa] INFO  o.eclipse.m2e.core.internal.Bundles - 	Entry: C:\sts-4.23.1.RELEASE\plugins\org.eclipse.m2e.maven.runtime_3.9.700.20240602-2313
2024-07-06 11:32:38,392 [Worker-38: Launching Executing install in C__Users_Hugo_Documents_NovenoCuatrimestre_DWI_Examen_Exa] INFO  o.eclipse.m2e.core.internal.Bundles - 	Entry: C:\sts-4.23.1.RELEASE\plugins\org.eclipse.m2e.maven.runtime_3.9.700.20240602-2313\jars\aopalliance-1.0.jar
2024-07-06 11:32:38,393 [Worker-38: Launching Executing install in C__Users_Hugo_Documents_NovenoCuatrimestre_DWI_Examen_Exa] INFO  o.eclipse.m2e.core.internal.Bundles - 	Entry: C:\sts-4.23.1.RELEASE\plugins\org.eclipse.m2e.maven.runtime_3.9.700.20240602-2313\jars\guice-5.1.0.jar
2024-07-06 11:32:38,393 [Worker-38: Launching Executing install in C__Users_Hugo_Documents_NovenoCuatrimestre_DWI_Examen_Exa] INFO  o.eclipse.m2e.core.internal.Bundles - 	Entry: C:\sts-4.23.1.RELEASE\plugins\org.eclipse.m2e.maven.runtime_3.9.700.20240602-2313\jars\httpclient-4.5.14.jar
2024-07-06 11:32:38,393 [Worker-38: Launching Executing install in C__Users_Hugo_Documents_NovenoCuatrimestre_DWI_Examen_Exa] INFO  o.eclipse.m2e.core.internal.Bundles - 	Entry: C:\sts-4.23.1.RELEASE\plugins\org.eclipse.m2e.maven.runtime_3.9.700.20240602-2313\jars\httpcore-4.4.16.jar
2024-07-06 11:32:38,393 [Worker-38: Launching Executing install in C__Users_Hugo_Documents_NovenoCuatrimestre_DWI_Examen_Exa] INFO  o.eclipse.m2e.core.internal.Bundles - 	Entry: C:\sts-4.23.1.RELEASE\plugins\org.eclipse.m2e.maven.runtime_3.9.700.20240602-2313\jars\jansi-2.4.1.jar
2024-07-06 11:32:38,393 [Worker-38: Launching Executing install in C__Users_Hugo_Documents_NovenoCuatrimestre_DWI_Examen_Exa] INFO  o.eclipse.m2e.core.internal.Bundles - 	Entry: C:\sts-4.23.1.RELEASE\plugins\org.eclipse.m2e.maven.runtime_3.9.700.20240602-2313\jars\jcl-over-slf4j-1.7.36.jar
2024-07-06 11:32:38,393 [Worker-38: Launching Executing install in C__Users_Hugo_Documents_NovenoCuatrimestre_DWI_Examen_Exa] INFO  o.eclipse.m2e.core.internal.Bundles - 	Entry: C:\sts-4.23.1.RELEASE\plugins\org.eclipse.m2e.maven.runtime_3.9.700.20240602-2313\jars\maven-artifact-3.9.7.jar
2024-07-06 11:32:38,393 [Worker-38: Launching Executing install in C__Users_Hugo_Documents_NovenoCuatrimestre_DWI_Examen_Exa] INFO  o.eclipse.m2e.core.internal.Bundles - 	Entry: C:\sts-4.23.1.RELEASE\plugins\org.eclipse.m2e.maven.runtime_3.9.700.20240602-2313\jars\maven-builder-support-3.9.7.jar
2024-07-06 11:32:38,393 [Worker-38: Launching Executing install in C__Users_Hugo_Documents_NovenoCuatrimestre_DWI_Examen_Exa] INFO  o.eclipse.m2e.core.internal.Bundles - 	Entry: C:\sts-4.23.1.RELEASE\plugins\org.eclipse.m2e.maven.runtime_3.9.700.20240602-2313\jars\maven-compat-3.9.7.jar
2024-07-06 11:32:38,393 [Worker-38: Launching Executing install in C__Users_Hugo_Documents_NovenoCuatrimestre_DWI_Examen_Exa] INFO  o.eclipse.m2e.core.internal.Bundles - 	Entry: C:\sts-4.23.1.RELEASE\plugins\org.eclipse.m2e.maven.runtime_3.9.700.20240602-2313\jars\maven-core-3.9.7.jar
2024-07-06 11:32:38,394 [Worker-38: Launching Executing install in C__Users_Hugo_Documents_NovenoCuatrimestre_DWI_Examen_Exa] INFO  o.eclipse.m2e.core.internal.Bundles - 	Entry: C:\sts-4.23.1.RELEASE\plugins\org.eclipse.m2e.maven.runtime_3.9.700.20240602-2313\jars\maven-embedder-3.9.7.jar
2024-07-06 11:32:38,394 [Worker-38: Launching Executing install in C__Users_Hugo_Documents_NovenoCuatrimestre_DWI_Examen_Exa] INFO  o.eclipse.m2e.core.internal.Bundles - 	Entry: C:\sts-4.23.1.RELEASE\plugins\org.eclipse.m2e.maven.runtime_3.9.700.20240602-2313\jars\maven-model-3.9.7.jar
2024-07-06 11:32:38,394 [Worker-38: Launching Executing install in C__Users_Hugo_Documents_NovenoCuatrimestre_DWI_Examen_Exa] INFO  o.eclipse.m2e.core.internal.Bundles - 	Entry: C:\sts-4.23.1.RELEASE\plugins\org.eclipse.m2e.maven.runtime_3.9.700.20240602-2313\jars\maven-model-builder-3.9.7.jar
2024-07-06 11:32:38,394 [Worker-38: Launching Executing install in C__Users_Hugo_Documents_NovenoCuatrimestre_DWI_Examen_Exa] INFO  o.eclipse.m2e.core.internal.Bundles - 	Entry: C:\sts-4.23.1.RELEASE\plugins\org.eclipse.m2e.maven.runtime_3.9.700.20240602-2313\jars\maven-plugin-api-3.9.7.jar
2024-07-06 11:32:38,394 [Worker-38: Launching Executing install in C__Users_Hugo_Documents_NovenoCuatrimestre_DWI_Examen_Exa] INFO  o.eclipse.m2e.core.internal.Bundles - 	Entry: C:\sts-4.23.1.RELEASE\plugins\org.eclipse.m2e.maven.runtime_3.9.700.20240602-2313\jars\maven-repository-metadata-3.9.7.jar
2024-07-06 11:32:38,394 [Worker-38: Launching Executing install in C__Users_Hugo_Documents_NovenoCuatrimestre_DWI_Examen_Exa] INFO  o.eclipse.m2e.core.internal.Bundles - 	Entry: C:\sts-4.23.1.RELEASE\plugins\org.eclipse.m2e.maven.runtime_3.9.700.20240602-2313\jars\maven-resolver-api-1.9.20.jar
2024-07-06 11:32:38,394 [Worker-38: Launching Executing install in C__Users_Hugo_Documents_NovenoCuatrimestre_DWI_Examen_Exa] INFO  o.eclipse.m2e.core.internal.Bundles - 	Entry: C:\sts-4.23.1.RELEASE\plugins\org.eclipse.m2e.maven.runtime_3.9.700.20240602-2313\jars\maven-resolver-connector-basic-1.9.20.jar
2024-07-06 11:32:38,394 [Worker-38: Launching Executing install in C__Users_Hugo_Documents_NovenoCuatrimestre_DWI_Examen_Exa] INFO  o.eclipse.m2e.core.internal.Bundles - 	Entry: C:\sts-4.23.1.RELEASE\plugins\org.eclipse.m2e.maven.runtime_3.9.700.20240602-2313\jars\maven-resolver-impl-1.9.20.jar
2024-07-06 11:32:38,394 [Worker-38: Launching Executing install in C__Users_Hugo_Documents_NovenoCuatrimestre_DWI_Examen_Exa] INFO  o.eclipse.m2e.core.internal.Bundles - 	Entry: C:\sts-4.23.1.RELEASE\plugins\org.eclipse.m2e.maven.runtime_3.9.700.20240602-2313\jars\maven-resolver-named-locks-1.9.20.jar
2024-07-06 11:32:38,394 [Worker-38: Launching Executing install in C__Users_Hugo_Documents_NovenoCuatrimestre_DWI_Examen_Exa] INFO  o.eclipse.m2e.core.internal.Bundles - 	Entry: C:\sts-4.23.1.RELEASE\plugins\org.eclipse.m2e.maven.runtime_3.9.700.20240602-2313\jars\maven-resolver-provider-3.9.7.jar
2024-07-06 11:32:38,395 [Worker-38: Launching Executing install in C__Users_Hugo_Documents_NovenoCuatrimestre_DWI_Examen_Exa] INFO  o.eclipse.m2e.core.internal.Bundles - 	Entry: C:\sts-4.23.1.RELEASE\plugins\org.eclipse.m2e.maven.runtime_3.9.700.20240602-2313\jars\maven-resolver-spi-1.9.20.jar
2024-07-06 11:32:38,395 [Worker-38: Launching Executing install in C__Users_Hugo_Documents_NovenoCuatrimestre_DWI_Examen_Exa] INFO  o.eclipse.m2e.core.internal.Bundles - 	Entry: C:\sts-4.23.1.RELEASE\plugins\org.eclipse.m2e.maven.runtime_3.9.700.20240602-2313\jars\maven-resolver-transport-file-1.9.20.jar
2024-07-06 11:32:38,395 [Worker-38: Launching Executing install in C__Users_Hugo_Documents_NovenoCuatrimestre_DWI_Examen_Exa] INFO  o.eclipse.m2e.core.internal.Bundles - 	Entry: C:\sts-4.23.1.RELEASE\plugins\org.eclipse.m2e.maven.runtime_3.9.700.20240602-2313\jars\maven-resolver-transport-http-1.9.20.jar
2024-07-06 11:32:38,395 [Worker-38: Launching Executing install in C__Users_Hugo_Documents_NovenoCuatrimestre_DWI_Examen_Exa] INFO  o.eclipse.m2e.core.internal.Bundles - 	Entry: C:\sts-4.23.1.RELEASE\plugins\org.eclipse.m2e.maven.runtime_3.9.700.20240602-2313\jars\maven-resolver-transport-wagon-1.9.20.jar
2024-07-06 11:32:38,395 [Worker-38: Launching Executing install in C__Users_Hugo_Documents_NovenoCuatrimestre_DWI_Examen_Exa] INFO  o.eclipse.m2e.core.internal.Bundles - 	Entry: C:\sts-4.23.1.RELEASE\plugins\org.eclipse.m2e.maven.runtime_3.9.700.20240602-2313\jars\maven-resolver-util-1.9.20.jar
2024-07-06 11:32:38,395 [Worker-38: Launching Executing install in C__Users_Hugo_Documents_NovenoCuatrimestre_DWI_Examen_Exa] INFO  o.eclipse.m2e.core.internal.Bundles - 	Entry: C:\sts-4.23.1.RELEASE\plugins\org.eclipse.m2e.maven.runtime_3.9.700.20240602-2313\jars\maven-settings-3.9.7.jar
2024-07-06 11:32:38,395 [Worker-38: Launching Executing install in C__Users_Hugo_Documents_NovenoCuatrimestre_DWI_Examen_Exa] INFO  o.eclipse.m2e.core.internal.Bundles - 	Entry: C:\sts-4.23.1.RELEASE\plugins\org.eclipse.m2e.maven.runtime_3.9.700.20240602-2313\jars\maven-settings-builder-3.9.7.jar
2024-07-06 11:32:38,395 [Worker-38: Launching Executing install in C__Users_Hugo_Documents_NovenoCuatrimestre_DWI_Examen_Exa] INFO  o.eclipse.m2e.core.internal.Bundles - 	Entry: C:\sts-4.23.1.RELEASE\plugins\org.eclipse.m2e.maven.runtime_3.9.700.20240602-2313\jars\maven-shared-utils-3.4.2.jar
2024-07-06 11:32:38,395 [Worker-38: Launching Executing install in C__Users_Hugo_Documents_NovenoCuatrimestre_DWI_Examen_Exa] INFO  o.eclipse.m2e.core.internal.Bundles - 	Entry: C:\sts-4.23.1.RELEASE\plugins\org.eclipse.m2e.maven.runtime_3.9.700.20240602-2313\jars\org.eclipse.sisu.inject-0.9.0.M2.jar
2024-07-06 11:32:38,395 [Worker-38: Launching Executing install in C__Users_Hugo_Documents_NovenoCuatrimestre_DWI_Examen_Exa] INFO  o.eclipse.m2e.core.internal.Bundles - 	Entry: C:\sts-4.23.1.RELEASE\plugins\org.eclipse.m2e.maven.runtime_3.9.700.20240602-2313\jars\org.eclipse.sisu.plexus-0.9.0.M2.jar
2024-07-06 11:32:38,396 [Worker-38: Launching Executing install in C__Users_Hugo_Documents_NovenoCuatrimestre_DWI_Examen_Exa] INFO  o.eclipse.m2e.core.internal.Bundles - 	Entry: C:\sts-4.23.1.RELEASE\plugins\org.eclipse.m2e.maven.runtime_3.9.700.20240602-2313\jars\plexus-build-api-0.0.7.jar
2024-07-06 11:32:38,396 [Worker-38: Launching Executing install in C__Users_Hugo_Documents_NovenoCuatrimestre_DWI_Examen_Exa] INFO  o.eclipse.m2e.core.internal.Bundles - 	Entry: C:\sts-4.23.1.RELEASE\plugins\org.eclipse.m2e.maven.runtime_3.9.700.20240602-2313\jars\plexus-build-api-1.2.0.jar
2024-07-06 11:32:38,396 [Worker-38: Launching Executing install in C__Users_Hugo_Documents_NovenoCuatrimestre_DWI_Examen_Exa] INFO  o.eclipse.m2e.core.internal.Bundles - 	Entry: C:\sts-4.23.1.RELEASE\plugins\org.eclipse.m2e.maven.runtime_3.9.700.20240602-2313\jars\plexus-cipher-2.0.jar
2024-07-06 11:32:38,396 [Worker-38: Launching Executing install in C__Users_Hugo_Documents_NovenoCuatrimestre_DWI_Examen_Exa] INFO  o.eclipse.m2e.core.internal.Bundles - 	Entry: C:\sts-4.23.1.RELEASE\plugins\org.eclipse.m2e.maven.runtime_3.9.700.20240602-2313\jars\plexus-classworlds-2.8.0.jar
2024-07-06 11:32:38,396 [Worker-38: Launching Executing install in C__Users_Hugo_Documents_NovenoCuatrimestre_DWI_Examen_Exa] INFO  o.eclipse.m2e.core.internal.Bundles - 	Entry: C:\sts-4.23.1.RELEASE\plugins\org.eclipse.m2e.maven.runtime_3.9.700.20240602-2313\jars\plexus-component-annotations-2.1.0.jar
2024-07-06 11:32:38,396 [Worker-38: Launching Executing install in C__Users_Hugo_Documents_NovenoCuatrimestre_DWI_Examen_Exa] INFO  o.eclipse.m2e.core.internal.Bundles - 	Entry: C:\sts-4.23.1.RELEASE\plugins\org.eclipse.m2e.maven.runtime_3.9.700.20240602-2313\jars\plexus-interpolation-1.27.jar
2024-07-06 11:32:38,396 [Worker-38: Launching Executing install in C__Users_Hugo_Documents_NovenoCuatrimestre_DWI_Examen_Exa] INFO  o.eclipse.m2e.core.internal.Bundles - 	Entry: C:\sts-4.23.1.RELEASE\plugins\org.eclipse.m2e.maven.runtime_3.9.700.20240602-2313\jars\plexus-sec-dispatcher-2.0.jar
2024-07-06 11:32:38,396 [Worker-38: Launching Executing install in C__Users_Hugo_Documents_NovenoCuatrimestre_DWI_Examen_Exa] INFO  o.eclipse.m2e.core.internal.Bundles - 	Entry: C:\sts-4.23.1.RELEASE\plugins\org.eclipse.m2e.maven.runtime_3.9.700.20240602-2313\jars\plexus-utils-3.5.1.jar
2024-07-06 11:32:38,396 [Worker-38: Launching Executing install in C__Users_Hugo_Documents_NovenoCuatrimestre_DWI_Examen_Exa] INFO  o.eclipse.m2e.core.internal.Bundles - 	Entry: C:\sts-4.23.1.RELEASE\plugins\org.eclipse.m2e.maven.runtime_3.9.700.20240602-2313\jars\wagon-file-3.5.3.jar
2024-07-06 11:32:38,396 [Worker-38: Launching Executing install in C__Users_Hugo_Documents_NovenoCuatrimestre_DWI_Examen_Exa] INFO  o.eclipse.m2e.core.internal.Bundles - 	Entry: C:\sts-4.23.1.RELEASE\plugins\org.eclipse.m2e.maven.runtime_3.9.700.20240602-2313\jars\wagon-http-3.5.3.jar
2024-07-06 11:32:38,397 [Worker-38: Launching Executing install in C__Users_Hugo_Documents_NovenoCuatrimestre_DWI_Examen_Exa] INFO  o.eclipse.m2e.core.internal.Bundles - 	Entry: C:\sts-4.23.1.RELEASE\plugins\org.eclipse.m2e.maven.runtime_3.9.700.20240602-2313\jars\wagon-http-shared-3.5.3.jar
2024-07-06 11:32:38,397 [Worker-38: Launching Executing install in C__Users_Hugo_Documents_NovenoCuatrimestre_DWI_Examen_Exa] INFO  o.eclipse.m2e.core.internal.Bundles - 	Entry: C:\sts-4.23.1.RELEASE\plugins\org.eclipse.m2e.maven.runtime_3.9.700.20240602-2313\jars\wagon-provider-api-3.5.3.jar
2024-07-06 11:32:38,397 [Worker-38: Launching Executing install in C__Users_Hugo_Documents_NovenoCuatrimestre_DWI_Examen_Exa] INFO  o.eclipse.m2e.core.internal.Bundles - getClasspathEntries(Bundle=com.google.guava_33.2.0.jre [29])
2024-07-06 11:32:38,397 [Worker-38: Launching Executing install in C__Users_Hugo_Documents_NovenoCuatrimestre_DWI_Examen_Exa] INFO  o.eclipse.m2e.core.internal.Bundles - 	Entry: C:\sts-4.23.1.RELEASE\plugins\com.google.guava_33.2.0.jre.jar
2024-07-06 11:32:38,397 [Worker-38: Launching Executing install in C__Users_Hugo_Documents_NovenoCuatrimestre_DWI_Examen_Exa] INFO  o.eclipse.m2e.core.internal.Bundles - getClasspathEntries(Bundle=slf4j.api_2.0.13 [592])
2024-07-06 11:32:38,397 [Worker-38: Launching Executing install in C__Users_Hugo_Documents_NovenoCuatrimestre_DWI_Examen_Exa] INFO  o.eclipse.m2e.core.internal.Bundles - 	Entry: C:\sts-4.23.1.RELEASE\plugins\slf4j.api_2.0.13.jar
2024-07-06 11:32:38,397 [Worker-38: Launching Executing install in C__Users_Hugo_Documents_NovenoCuatrimestre_DWI_Examen_Exa] INFO  o.eclipse.m2e.core.internal.Bundles - getClasspathEntries(Bundle=jakarta.inject.jakarta.inject-api_1.0.5 [44])
2024-07-06 11:32:38,397 [Worker-38: Launching Executing install in C__Users_Hugo_Documents_NovenoCuatrimestre_DWI_Examen_Exa] INFO  o.eclipse.m2e.core.internal.Bundles - 	Entry: C:\sts-4.23.1.RELEASE\plugins\jakarta.inject.jakarta.inject-api_1.0.5.jar
2024-07-06 11:32:38,397 [Worker-38: Launching Executing install in C__Users_Hugo_Documents_NovenoCuatrimestre_DWI_Examen_Exa] INFO  o.eclipse.m2e.core.internal.Bundles - getClasspathEntries(Bundle=javax.annotation_1.3.5.v20200909-1856 [53])
2024-07-06 11:32:38,398 [Worker-38: Launching Executing install in C__Users_Hugo_Documents_NovenoCuatrimestre_DWI_Examen_Exa] INFO  o.eclipse.m2e.core.internal.Bundles - 	Entry: C:\sts-4.23.1.RELEASE\plugins\javax.annotation_1.3.5.v20200909-1856.jar
2024-07-06 11:32:38,398 [Worker-38: Launching Executing install in C__Users_Hugo_Documents_NovenoCuatrimestre_DWI_Examen_Exa] INFO  o.eclipse.m2e.core.internal.Bundles - getClasspathEntries(Bundle=org.apache.commons.cli_1.8.0 [76])
2024-07-06 11:32:38,398 [Worker-38: Launching Executing install in C__Users_Hugo_Documents_NovenoCuatrimestre_DWI_Examen_Exa] INFO  o.eclipse.m2e.core.internal.Bundles - 	Entry: C:\sts-4.23.1.RELEASE\plugins\org.apache.commons.cli_1.8.0.jar
2024-07-06 11:32:38,398 [Worker-38: Launching Executing install in C__Users_Hugo_Documents_NovenoCuatrimestre_DWI_Examen_Exa] INFO  o.eclipse.m2e.core.internal.Bundles - getClasspathEntries(Bundle=org.apache.commons.commons-codec_1.16.0 [78])
2024-07-06 11:32:38,398 [Worker-38: Launching Executing install in C__Users_Hugo_Documents_NovenoCuatrimestre_DWI_Examen_Exa] INFO  o.eclipse.m2e.core.internal.Bundles - 	Entry: C:\sts-4.23.1.RELEASE\plugins\org.apache.commons.commons-codec_1.16.0.jar
2024-07-06 11:32:38,398 [Worker-38: Launching Executing install in C__Users_Hugo_Documents_NovenoCuatrimestre_DWI_Examen_Exa] INFO  o.eclipse.m2e.core.internal.Bundles - getClasspathEntries(Bundle=org.apache.commons.lang3_3.14.0 [82])
2024-07-06 11:32:38,398 [Worker-38: Launching Executing install in C__Users_Hugo_Documents_NovenoCuatrimestre_DWI_Examen_Exa] INFO  o.eclipse.m2e.core.internal.Bundles - 	Entry: C:\sts-4.23.1.RELEASE\plugins\org.apache.commons.lang3_3.14.0.jar
2024-07-06 11:32:38,398 [Worker-38: Launching Executing install in C__Users_Hugo_Documents_NovenoCuatrimestre_DWI_Examen_Exa] INFO  o.eclipse.m2e.core.internal.Bundles - getClasspathEntries(Bundle=com.google.guava.failureaccess_1.0.2 [30])
2024-07-06 11:32:38,398 [Worker-38: Launching Executing install in C__Users_Hugo_Documents_NovenoCuatrimestre_DWI_Examen_Exa] INFO  o.eclipse.m2e.core.internal.Bundles - 	Entry: C:\sts-4.23.1.RELEASE\plugins\com.google.guava.failureaccess_1.0.2.jar
2024-07-06 11:32:38,399 [Worker-38: Launching Executing install in C__Users_Hugo_Documents_NovenoCuatrimestre_DWI_Examen_Exa] INFO  o.e.m.i.launch.MavenLaunchDelegate - Run build in "C:\Users\Hugo\Documents\NovenoCuatrimestre\DWI\Examen\Exa":
2024-07-06 11:32:38,399 [Worker-38: Launching Executing install in C__Users_Hugo_Documents_NovenoCuatrimestre_DWI_Examen_Exa] INFO  o.e.m.i.launch.MavenLaunchDelegate -  mvn  -Ppom.xml -B -Dstyle.color=always install
2024-07-06 11:37:54,816 [Worker-46: Building] INFO  o.a.m.s.f.DefaultMavenResourcesFiltering - Copying 1 resource from src\main\resources to target\classes
2024-07-06 11:37:54,823 [Worker-46: Building] INFO  o.a.m.s.f.DefaultMavenResourcesFiltering - Copying 0 resource from src\main\resources to target\classes
2024-07-06 11:37:54,826 [Worker-46: Building] INFO  o.a.m.s.f.DefaultMavenResourcesFiltering - skip non existing resourceDirectory C:\Users\Hugo\Documents\NovenoCuatrimestre\DWI\Examen\Exa\src\test\resources
2024-07-06 11:38:05,505 [Worker-47: Building] INFO  o.a.m.s.f.DefaultMavenResourcesFiltering - Copying 1 resource from src\main\resources to target\classes
2024-07-06 11:38:05,510 [Worker-47: Building] INFO  o.a.m.s.f.DefaultMavenResourcesFiltering - Copying 0 resource from src\main\resources to target\classes
2024-07-06 11:38:05,513 [Worker-47: Building] INFO  o.a.m.s.f.DefaultMavenResourcesFiltering - skip non existing resourceDirectory C:\Users\Hugo\Documents\NovenoCuatrimestre\DWI\Examen\Exa\src\test\resources
2024-07-06 11:40:58,494 [Worker-45: Building] INFO  o.a.m.s.f.DefaultMavenResourcesFiltering - Copying 1 resource from src\main\resources to target\classes
2024-07-06 11:40:58,500 [Worker-45: Building] INFO  o.a.m.s.f.DefaultMavenResourcesFiltering - Copying 0 resource from src\main\resources to target\classes
2024-07-06 11:40:58,502 [Worker-45: Building] INFO  o.a.m.s.f.DefaultMavenResourcesFiltering - skip non existing resourceDirectory C:\Users\Hugo\Documents\NovenoCuatrimestre\DWI\Examen\Exa\src\test\resources
2024-07-06 11:44:22,948 [Worker-39: Building] INFO  o.a.m.s.f.DefaultMavenResourcesFiltering - Copying 1 resource from src\main\resources to target\classes
2024-07-06 11:44:22,952 [Worker-39: Building] INFO  o.a.m.s.f.DefaultMavenResourcesFiltering - Copying 0 resource from src\main\resources to target\classes
2024-07-06 11:44:22,954 [Worker-39: Building] INFO  o.a.m.s.f.DefaultMavenResourcesFiltering - skip non existing resourceDirectory C:\Users\Hugo\Documents\NovenoCuatrimestre\DWI\Examen\Exa\src\test\resources
2024-07-06 11:52:26,027 [Worker-56: Building] INFO  o.a.m.s.f.DefaultMavenResourcesFiltering - Copying 1 resource from src\main\resources to target\classes
2024-07-06 11:52:26,032 [Worker-56: Building] INFO  o.a.m.s.f.DefaultMavenResourcesFiltering - Copying 0 resource from src\main\resources to target\classes
2024-07-06 11:52:26,034 [Worker-56: Building] INFO  o.a.m.s.f.DefaultMavenResourcesFiltering - skip non existing resourceDirectory C:\Users\Hugo\Documents\NovenoCuatrimestre\DWI\Examen\Exa\src\test\resources
2024-07-06 11:54:37,023 [Worker-47: Building] INFO  o.a.m.s.f.DefaultMavenResourcesFiltering - Copying 1 resource from src\main\resources to target\classes
2024-07-06 11:54:37,027 [Worker-47: Building] INFO  o.a.m.s.f.DefaultMavenResourcesFiltering - Copying 0 resource from src\main\resources to target\classes
2024-07-06 11:54:37,030 [Worker-47: Building] INFO  o.a.m.s.f.DefaultMavenResourcesFiltering - skip non existing resourceDirectory C:\Users\Hugo\Documents\NovenoCuatrimestre\DWI\Examen\Exa\src\test\resources
2024-07-06 11:54:55,580 [Worker-58: Building] INFO  o.a.m.s.f.DefaultMavenResourcesFiltering - Copying 1 resource from src\main\resources to target\classes
2024-07-06 11:54:55,583 [Worker-58: Building] INFO  o.a.m.s.f.DefaultMavenResourcesFiltering - Copying 0 resource from src\main\resources to target\classes
2024-07-06 11:54:55,585 [Worker-58: Building] INFO  o.a.m.s.f.DefaultMavenResourcesFiltering - skip non existing resourceDirectory C:\Users\Hugo\Documents\NovenoCuatrimestre\DWI\Examen\Exa\src\test\resources
2024-07-06 11:56:16,585 [Worker-58: Building] INFO  o.a.m.s.f.DefaultMavenResourcesFiltering - Copying 1 resource from src\main\resources to target\classes
2024-07-06 11:56:16,588 [Worker-58: Building] INFO  o.a.m.s.f.DefaultMavenResourcesFiltering - Copying 0 resource from src\main\resources to target\classes
2024-07-06 11:56:16,590 [Worker-58: Building] INFO  o.a.m.s.f.DefaultMavenResourcesFiltering - skip non existing resourceDirectory C:\Users\Hugo\Documents\NovenoCuatrimestre\DWI\Examen\Exa\src\test\resources
2024-07-06 11:59:47,159 [Worker-63: Building] INFO  o.a.m.s.f.DefaultMavenResourcesFiltering - Copying 1 resource from src\main\resources to target\classes
2024-07-06 11:59:47,165 [Worker-63: Building] INFO  o.a.m.s.f.DefaultMavenResourcesFiltering - Copying 0 resource from src\main\resources to target\classes
2024-07-06 11:59:47,167 [Worker-63: Building] INFO  o.a.m.s.f.DefaultMavenResourcesFiltering - skip non existing resourceDirectory C:\Users\Hugo\Documents\NovenoCuatrimestre\DWI\Examen\Exa\src\test\resources
2024-07-06 12:01:06,060 [Worker-65: Building] INFO  o.a.m.s.f.DefaultMavenResourcesFiltering - Copying 1 resource from src\main\resources to target\classes
2024-07-06 12:01:06,065 [Worker-65: Building] INFO  o.a.m.s.f.DefaultMavenResourcesFiltering - Copying 0 resource from src\main\resources to target\classes
2024-07-06 12:01:06,068 [Worker-65: Building] INFO  o.a.m.s.f.DefaultMavenResourcesFiltering - skip non existing resourceDirectory C:\Users\Hugo\Documents\NovenoCuatrimestre\DWI\Examen\Exa\src\test\resources
2024-07-06 12:01:11,061 [Worker-65: Building] INFO  o.a.m.s.f.DefaultMavenResourcesFiltering - Copying 1 resource from src\main\resources to target\classes
2024-07-06 12:01:11,065 [Worker-65: Building] INFO  o.a.m.s.f.DefaultMavenResourcesFiltering - Copying 0 resource from src\main\resources to target\classes
2024-07-06 12:01:11,069 [Worker-65: Building] INFO  o.a.m.s.f.DefaultMavenResourcesFiltering - skip non existing resourceDirectory C:\Users\Hugo\Documents\NovenoCuatrimestre\DWI\Examen\Exa\src\test\resources
2024-07-06 12:01:30,025 [Worker-58: Building] INFO  o.a.m.s.f.DefaultMavenResourcesFiltering - Copying 1 resource from src\main\resources to target\classes
2024-07-06 12:01:30,029 [Worker-58: Building] INFO  o.a.m.s.f.DefaultMavenResourcesFiltering - Copying 0 resource from src\main\resources to target\classes
2024-07-06 12:01:30,031 [Worker-58: Building] INFO  o.a.m.s.f.DefaultMavenResourcesFiltering - skip non existing resourceDirectory C:\Users\Hugo\Documents\NovenoCuatrimestre\DWI\Examen\Exa\src\test\resources
2024-07-06 12:01:37,937 [Worker-64: Building] INFO  o.a.m.s.f.DefaultMavenResourcesFiltering - Copying 1 resource from src\main\resources to target\classes
2024-07-06 12:01:37,941 [Worker-64: Building] INFO  o.a.m.s.f.DefaultMavenResourcesFiltering - Copying 0 resource from src\main\resources to target\classes
2024-07-06 12:01:37,943 [Worker-64: Building] INFO  o.a.m.s.f.DefaultMavenResourcesFiltering - skip non existing resourceDirectory C:\Users\Hugo\Documents\NovenoCuatrimestre\DWI\Examen\Exa\src\test\resources
2024-07-06 12:02:11,966 [Worker-57: Building] INFO  o.a.m.s.f.DefaultMavenResourcesFiltering - Copying 1 resource from src\main\resources to target\classes
2024-07-06 12:02:11,969 [Worker-57: Building] INFO  o.a.m.s.f.DefaultMavenResourcesFiltering - Copying 0 resource from src\main\resources to target\classes
2024-07-06 12:02:11,971 [Worker-57: Building] INFO  o.a.m.s.f.DefaultMavenResourcesFiltering - skip non existing resourceDirectory C:\Users\Hugo\Documents\NovenoCuatrimestre\DWI\Examen\Exa\src\test\resources
2024-07-06 12:04:47,530 [Worker-66: Building] INFO  o.a.m.s.f.DefaultMavenResourcesFiltering - Copying 1 resource from src\main\resources to target\classes
2024-07-06 12:04:47,535 [Worker-66: Building] INFO  o.a.m.s.f.DefaultMavenResourcesFiltering - Copying 0 resource from src\main\resources to target\classes
2024-07-06 12:04:47,537 [Worker-66: Building] INFO  o.a.m.s.f.DefaultMavenResourcesFiltering - skip non existing resourceDirectory C:\Users\Hugo\Documents\NovenoCuatrimestre\DWI\Examen\Exa\src\test\resources
2024-07-06 12:04:50,739 [Worker-65: Building] INFO  o.a.m.s.f.DefaultMavenResourcesFiltering - Copying 1 resource from src\main\resources to target\classes
2024-07-06 12:04:50,743 [Worker-65: Building] INFO  o.a.m.s.f.DefaultMavenResourcesFiltering - Copying 0 resource from src\main\resources to target\classes
2024-07-06 12:04:50,745 [Worker-65: Building] INFO  o.a.m.s.f.DefaultMavenResourcesFiltering - skip non existing resourceDirectory C:\Users\Hugo\Documents\NovenoCuatrimestre\DWI\Examen\Exa\src\test\resources
